<?xml version="1.0" encoding="UTF-8"?>
<testsuites>
	<testsuite tests="5" failures="0" time="0.000" name="github.com/skatteetaten/architect/pkg/config">
		<properties>
			<property name="go.version" value="go1.12.4"></property>
		</properties>
		<testcase classname="config" name="TestJavaLeveransePakkeConfig" time="0.010"></testcase>
		<testcase classname="config" name="TestNodeJSLeveransePakkeConfig" time="0.010"></testcase>
		<testcase classname="config" name="TestTagWithConfig" time="0.010"></testcase>
		<testcase classname="config" name="TestHidingPasswordWhenGettingNExusAccessString" time="0.000"></testcase>
		<testcase classname="config" name="TestGetUrlFromOutput" time="0.020"></testcase>
	</testsuite>
	<testsuite tests="19" failures="0" time="0.000" name="github.com/skatteetaten/architect/pkg/docker">
		<properties>
			<property name="go.version" value="go1.12.4"></property>
		</properties>
		<testcase classname="docker" name="TestGetManifestEnvSchemaV1" time="0.000"></testcase>
		<testcase classname="docker" name="TestGetCompleteBaseImageVersionSchemaV1" time="0.000"></testcase>
		<testcase classname="docker" name="TestGetManifestEnvMapSchemaV1" time="0.000"></testcase>
		<testcase classname="docker" name="TestGetManifestEnvSchemaV2" time="0.010"></testcase>
		<testcase classname="docker" name="TestGetCompleteBaseImageVersionSchemaV2" time="0.000"></testcase>
		<testcase classname="docker" name="TestGetManifestEnvMapSchemaV2" time="0.000"></testcase>
		<testcase classname="docker" name="TestGetTags" time="0.010"></testcase>
		<testcase classname="docker" name="TestGetTagsWithMeta" time="0.000"></testcase>
		<testcase classname="docker" name="TestReadingOfEnvStrings" time="0.000"></testcase>
		<testcase classname="docker" name="TestReadConfigSingleRegistry" time="0.000"></testcase>
		<testcase classname="docker" name="TestReadConfigMultipleRegistries" time="0.000"></testcase>
		<testcase classname="docker" name="TestGetCredentials" time="0.000"></testcase>
		<testcase classname="docker" name="TestMultipleCredentialsInOldFormat" time="0.000"></testcase>
		<testcase classname="docker" name="TestBuildImageSuccess" time="0.000"></testcase>
		<testcase classname="docker" name="TestBuildImageIllegalDockerfile" time="0.000"></testcase>
		<testcase classname="docker" name="TestBuildImageError" time="0.000"></testcase>
		<testcase classname="docker" name="TestPushImageSuccess" time="0.000"></testcase>
		<testcase classname="docker" name="TestPushImageUnauthorized" time="0.000"></testcase>
		<testcase classname="docker" name="TestPushImageError" time="0.000"></testcase>
	</testsuite>
	<testsuite tests="2" failures="0" time="0.008" name="github.com/skatteetaten/architect/pkg/doozer/config">
		<properties>
			<property name="go.version" value="go1.12.4"></property>
		</properties>
		<testcase classname="config" name="TestNewFromJson" time="0.000"></testcase>
		<testcase classname="config" name="TestErrorOnInvalidJson" time="0.000"></testcase>
	</testsuite>
	<testsuite tests="3" failures="0" time="0.019" name="github.com/skatteetaten/architect/pkg/doozer/prepare">
		<properties>
			<property name="go.version" value="go1.12.4"></property>
		</properties>
		<testcase classname="prepare" name="TestBuild" time="0.000"></testcase>
		<testcase classname="prepare" name="TestBuildWithCmdScript" time="0.000"></testcase>
		<testcase classname="prepare" name="TestPrepare" time="0.010"></testcase>
	</testsuite>
	<testsuite tests="2" failures="0" time="0.000" name="github.com/skatteetaten/architect/pkg/java/config">
		<properties>
			<property name="go.version" value="go1.12.4"></property>
		</properties>
		<testcase classname="config" name="TestNewFromJson" time="0.000"></testcase>
		<testcase classname="config" name="TestErrorOnInvalidJson" time="0.000"></testcase>
	</testsuite>
	<testsuite tests="2" failures="0" time="0.000" name="github.com/skatteetaten/architect/pkg/java/prepare">
		<properties>
			<property name="go.version" value="go1.12.4"></property>
		</properties>
		<testcase classname="prepare" name="TestBuild" time="0.000"></testcase>
		<testcase classname="prepare" name="TestPrepare" time="0.010"></testcase>
	</testsuite>
	<testsuite tests="4" failures="0" time="0.000" name="github.com/skatteetaten/architect/pkg/nexus">
		<properties>
			<property name="go.version" value="go1.12.4"></property>
		</properties>
		<testcase classname="nexus" name="TestDownloadFromNexus2Server" time="0.000"></testcase>
		<testcase classname="nexus" name="TestDownloadFromNexus3Server" time="0.000"></testcase>
		<testcase classname="nexus" name="TestNewLocalDownloader" time="0.000"></testcase>
		<testcase classname="nexus" name="TestGetSnapshotTimestampVersion" time="0.000"></testcase>
	</testsuite>
	<testsuite tests="19" failures="0" time="0.000" name="github.com/skatteetaten/architect/pkg/nodejs/prepare">
		<properties>
			<property name="go.version" value="go1.12.4"></property>
		</properties>
		<testcase classname="prepare" name="TestGeneratedFiledWhenNodeJSIsEnabledLegacy" time="0.000"></testcase>
		<testcase classname="prepare" name="TestGeneratedFileWhenNodeJsIsEnabledRadish" time="0.000"></testcase>
		<testcase classname="prepare" name="TestGeneratedFilesWhenNodeJSIsDisabledLegacy" time="0.000"></testcase>
		<testcase classname="prepare" name="TestGeneratedFilesWhenNodeJSIsDisabledRadish" time="0.000"></testcase>
		<testcase classname="prepare" name="TestThatCustomHeadersIsPresentInNginxConfigLegacy" time="0.000"></testcase>
		<testcase classname="prepare" name="TestThatCustomHeadersIsPresentInConfigRadish" time="0.000"></testcase>
		<testcase classname="prepare" name="TestThatOverrideInNginxIsSetLegacy" time="0.000"></testcase>
		<testcase classname="prepare" name="TestThatOverridesIsSetInRadishConfig" time="0.000"></testcase>
		<testcase classname="prepare" name="TestThatSpaDefaultToTrueInWebAppBlock" time="0.000"></testcase>
		<testcase classname="prepare" name="TestThatValuesAreSetAsExpected" time="0.000"></testcase>
		<testcase classname="prepare" name="TestThatOverridesAreWhitelistedAndSetCorrectly" time="0.000"></testcase>
		<testcase classname="prepare" name="TestThatExcludeIsSetCorrectly" time="0.000"></testcase>
		<testcase classname="prepare" name="TestThatExcludeRegExIsValid" time="0.000"></testcase>
		<testcase classname="prepare" name="TestThatExcludeRegExIsInvalid" time="0.000">
			<skipped message=""></skipped>
		</testcase>
		<testcase classname="prepare" name="TestThatLegacyFormatIsMappedCorrect" time="0.000"></testcase>
		<testcase classname="prepare" name="TestThatRootGzipIsPresentInNginx" time="0.000"></testcase>
		<testcase classname="prepare" name="TestThatCustomLocationsIsPresentInNginx" time="0.000"></testcase>
		<testcase classname="prepare" name="TestThatNoCustomLocationsIsPresentInNginx" time="0.000"></testcase>
		<testcase classname="prepare" name="TestApplicationPrepare" time="0.830"></testcase>
	</testsuite>
	<testsuite tests="6" failures="0" time="0.000" name="github.com/skatteetaten/architect/pkg/process/tagger">
		<properties>
			<property name="go.version" value="go1.12.4"></property>
		</properties>
		<testcase classname="tagger" name="TestTagInfoRelease" time="0.000"></testcase>
		<testcase classname="tagger" name="TestTagInfoSnapshot" time="0.000"></testcase>
		<testcase classname="tagger" name="TestFilterTags" time="0.000"></testcase>
		<testcase classname="tagger" name="TestFilterTagsWithMeta" time="0.000"></testcase>
		<testcase classname="tagger" name="TestFilterTagsWithWeirdTagsInRepo" time="0.010"></testcase>
		<testcase classname="tagger" name="TestFilterTagsWithAppend" time="0.000"></testcase>
	</testsuite>
	<testsuite tests="4" failures="0" time="0.000" name="github.com/skatteetaten/architect/pkg/util">
		<properties>
			<property name="go.version" value="go1.12.4"></property>
		</properties>
		<testcase classname="util" name="TestVersionWithMinorAndPatch" time="0.000"></testcase>
		<testcase classname="util" name="TestFullSemanticVersion" time="0.000"></testcase>
		<testcase classname="util" name="TestFullSemanticVersionWithMeta" time="0.000"></testcase>
		<testcase classname="util" name="TestGetVersionOnly" time="0.000"></testcase>
	</testsuite>
</testsuites>
